Determining if the pthread_create exist failed with the following output:
Change Dir: /home/sophie/ROS/src/walle/build/CMakeFiles/CMakeTmp

Run Build Command:/usr/bin/make "cmTryCompileExec1272117229/fast"
make[1]: Entering directory `/home/sophie/ROS/src/walle/build/CMakeFiles/CMakeTmp'
/usr/bin/make -f CMakeFiles/cmTryCompileExec1272117229.dir/build.make CMakeFiles/cmTryCompileExec1272117229.dir/build
make[2]: Entering directory `/home/sophie/ROS/src/walle/build/CMakeFiles/CMakeTmp'
/usr/bin/cmake -E cmake_progress_report /home/sophie/ROS/src/walle/build/CMakeFiles/CMakeTmp/CMakeFiles 1
Building C object CMakeFiles/cmTryCompileExec1272117229.dir/CheckSymbolExists.c.o
/usr/bin/cc    -o CMakeFiles/cmTryCompileExec1272117229.dir/CheckSymbolExists.c.o   -c /home/sophie/ROS/src/walle/build/CMakeFiles/CMakeTmp/CheckSymbolExists.c
Linking C executable cmTryCompileExec1272117229
/usr/bin/cmake -E cmake_link_script CMakeFiles/cmTryCompileExec1272117229.dir/link.txt --verbose=1
/usr/bin/cc       CMakeFiles/cmTryCompileExec1272117229.dir/CheckSymbolExists.c.o  -o cmTryCompileExec1272117229 -rdynamic 
CMakeFiles/cmTryCompileExec1272117229.dir/CheckSymbolExists.c.o: In function `main':
CheckSymbolExists.c:(.text+0x16): undefined reference to `pthread_create'
collect2: error: ld returned 1 exit status
make[2]: Leaving directory `/home/sophie/ROS/src/walle/build/CMakeFiles/CMakeTmp'
make[2]: *** [cmTryCompileExec1272117229] Error 1
make[1]: Leaving directory `/home/sophie/ROS/src/walle/build/CMakeFiles/CMakeTmp'
make[1]: *** [cmTryCompileExec1272117229/fast] Error 2

File /home/sophie/ROS/src/walle/build/CMakeFiles/CMakeTmp/CheckSymbolExists.c:
/* */
#include <pthread.h>

int main(int argc, char** argv)
{
  (void)argv;
#ifndef pthread_create
  return ((int*)(&pthread_create))[argc];
#else
  (void)argc;
  return 0;
#endif
}

Determining if the function pthread_create exists in the pthreads failed with the following output:
Change Dir: /home/sophie/ROS/src/walle/build/CMakeFiles/CMakeTmp

Run Build Command:/usr/bin/make "cmTryCompileExec1727453724/fast"
make[1]: Entering directory `/home/sophie/ROS/src/walle/build/CMakeFiles/CMakeTmp'
/usr/bin/make -f CMakeFiles/cmTryCompileExec1727453724.dir/build.make CMakeFiles/cmTryCompileExec1727453724.dir/build
make[2]: Entering directory `/home/sophie/ROS/src/walle/build/CMakeFiles/CMakeTmp'
/usr/bin/cmake -E cmake_progress_report /home/sophie/ROS/src/walle/build/CMakeFiles/CMakeTmp/CMakeFiles 1
Building C object CMakeFiles/cmTryCompileExec1727453724.dir/CheckFunctionExists.c.o
/usr/bin/cc   -DCHECK_FUNCTION_EXISTS=pthread_create   -o CMakeFiles/cmTryCompileExec1727453724.dir/CheckFunctionExists.c.o   -c /usr/share/cmake-2.8/Modules/CheckFunctionExists.c
Linking C executable cmTryCompileExec1727453724
/usr/bin/cmake -E cmake_link_script CMakeFiles/cmTryCompileExec1727453724.dir/link.txt --verbose=1
/usr/bin/cc   -DCHECK_FUNCTION_EXISTS=pthread_create    CMakeFiles/cmTryCompileExec1727453724.dir/CheckFunctionExists.c.o  -o cmTryCompileExec1727453724 -rdynamic -lpthreads 
/usr/bin/ld: cannot find -lpthreads
collect2: error: ld returned 1 exit status
make[2]: *** [cmTryCompileExec1727453724] Error 1
make[2]: Leaving directory `/home/sophie/ROS/src/walle/build/CMakeFiles/CMakeTmp'
make[1]: *** [cmTryCompileExec1727453724/fast] Error 2
make[1]: Leaving directory `/home/sophie/ROS/src/walle/build/CMakeFiles/CMakeTmp'


